#
# A fatal error has been detected by the Java Runtime Environment:
#
#  Internal Error (exceptions.cpp:367), pid=4036, tid=2264
#  fatal error: ExceptionMark destructor expects no pending exceptions
#
# JRE version: 6.0_24-b07
# Java VM: Java HotSpot(TM) Client VM (19.1-b02 mixed mode, sharing windows-x86 )
# If you would like to submit a bug report, please visit:
#   http://java.sun.com/webapps/bugreport/crash.jsp
#

---------------  T H R E A D  ---------------

Current thread (0x00386c00):  JavaThread "main" [_thread_in_vm, id=2264, stack(0x01cd0000,0x01d20000)]

Stack: [0x01cd0000,0x01d20000],  sp=0x01d1eacc,  free space=314k
Native frames: (J=compiled Java code, j=interpreted, Vv=VM code, C=native code)
V  [jvm.dll+0x1fa487]
V  [jvm.dll+0xa330d]
V  [jvm.dll+0xae348]
V  [jvm.dll+0x766ef]
V  [jvm.dll+0x76872]
V  [jvm.dll+0x768ea]
V  [jvm.dll+0x75f8b]
V  [jvm.dll+0x1c9fc5]
V  [jvm.dll+0x1ca826]
V  [jvm.dll+0x1cabd5]
V  [jvm.dll+0x1cac1b]
V  [jvm.dll+0x118932]
V  [jvm.dll+0x12068f]
C  [java.dll+0x13bc]
j  java.lang.Class.forName0(Ljava/lang/String;ZLjava/lang/ClassLoader;)Ljava/lang/Class;+0
j  java.lang.Class.forName(Ljava/lang/String;)Ljava/lang/Class;+5
j  java.net.URL.getURLStreamHandler(Ljava/lang/String;)Ljava/net/URLStreamHandler;+175
J  java.net.URL.<init>(Ljava/net/URL;Ljava/lang/String;Ljava/net/URLStreamHandler;)V
j  java.net.URL.<init>(Ljava/lang/String;)V+3
j  flex2.compiler.util.URLPathResolver.resolve(Ljava/lang/String;)Lflex2/compiler/io/VirtualFile;+7
j  flex2.compiler.common.PathResolver.checkSinglePathResolvers(Lflex2/compiler/io/VirtualFile;Ljava/lang/String;)Lflex2/compiler/io/VirtualFile;+40
j  flex2.compiler.common.PathResolver.resolve(Lflex2/compiler/common/SinglePathResolver;Ljava/lang/String;)Lflex2/compiler/io/VirtualFile;+27
j  flex2.compiler.common.PathResolver.resolve(Ljava/lang/String;)Lflex2/compiler/io/VirtualFile;+6
j  flex2.compiler.common.PathResolver.checkSinglePathResolvers(Lflex2/compiler/io/VirtualFile;Ljava/lang/String;)Lflex2/compiler/io/VirtualFile;+40
j  flex2.compiler.common.PathResolver.resolve(Lflex2/compiler/common/SinglePathResolver;Ljava/lang/String;)Lflex2/compiler/io/VirtualFile;+27
j  flex2.compiler.common.PathResolver.resolve(Ljava/lang/String;)Lflex2/compiler/io/VirtualFile;+6
j  flex2.compiler.Source$Resolver.resolve(Ljava/lang/String;)Lflex2/compiler/io/VirtualFile;+12
j  flex2.compiler.common.PathResolver.checkSinglePathResolvers(Lflex2/compiler/io/VirtualFile;Ljava/lang/String;)Lflex2/compiler/io/VirtualFile;+40
j  flex2.compiler.common.PathResolver.resolve(Lflex2/compiler/common/SinglePathResolver;Ljava/lang/String;)Lflex2/compiler/io/VirtualFile;+27
j  flex2.compiler.common.PathResolver.resolve(Ljava/lang/String;)Lflex2/compiler/io/VirtualFile;+6
j  flex2.compiler.Source.resolve(Ljava/lang/String;)Lflex2/compiler/io/VirtualFile;+5
j  flex2.compiler.Source.addFileInclude(Ljava/lang/String;)Z+2
j  flex2.compiler.as3.SyntaxTreeEvaluator.evaluate(Lmacromedia/asc/util/Context;Lmacromedia/asc/parser/IncludeDirectiveNode;)Lmacromedia/asc/semantics/Value;+24
j  macromedia.asc.parser.IncludeDirectiveNode.evaluate(Lmacromedia/asc/util/Context;Lmacromedia/asc/parser/Evaluator;)Lmacromedia/asc/semantics/Value;+14
J  flash.swf.tools.as3.EvaluatorAdapter.evaluate(Lmacromedia/asc/util/Context;Lmacromedia/asc/parser/StatementListNode;)Lmacromedia/asc/semantics/Value;
J  macromedia.asc.parser.ClassDefinitionNode.evaluate(Lmacromedia/asc/util/Context;Lmacromedia/asc/parser/Evaluator;)Lmacromedia/asc/semantics/Value;
j  flex2.compiler.mxml.InterfaceCompiler.parse2(Lflex2/compiler/CompilationUnit;Lflex2/compiler/SymbolTable;)V+175
j  flex2.compiler.mxml.Compiler.parse2(Lflex2/compiler/CompilationUnit;Lflex2/compiler/SymbolTable;)V+7
j  flex2.compiler.API.parse2(Lflex2/compiler/CompilationUnit;[Lflex2/compiler/Compiler;Lflex2/compiler/SymbolTable;)Z+44
j  flex2.compiler.API.parse2(Ljava/util/List;[Lflex2/compiler/Compiler;Lflex2/compiler/SymbolTable;II)Z+51
j  flex2.compiler.API.batch2(Ljava/util/List;Ljava/util/List;Lflex2/compiler/DependencyGraph;Lflex2/compiler/DependencyGraph;Lflex2/compiler/SymbolTable;[Lflex2/compiler/Compiler;Lflex2/compiler/SourceList;Lflex2/compiler/SourcePath;Lflex2/compiler/ResourceContainer;Lflex2/compiler/CompilerSwcContext;Lflex2/compiler/common/Configuration;)V+292
j  flex2.compiler.API.batch(Ljava/util/List;Ljava/util/List;Lflex2/compiler/DependencyGraph;Lflex2/compiler/DependencyGraph;Lflex2/compiler/SymbolTable;[Lflex2/compiler/Compiler;Lflex2/compiler/SourceList;Lflex2/compiler/SourcePath;Lflex2/compiler/ResourceContainer;Lflex2/compiler/CompilerSwcContext;Lflex2/compiler/common/Configuration;Z)V+64
j  flex2.compiler.API.compile(Lflex2/compiler/FileSpec;Lflex2/compiler/SourceList;Ljava/util/Collection;Lflex2/compiler/SourcePath;Lflex2/compiler/ResourceContainer;Lflex2/compiler/ResourceBundlePath;Lflex2/compiler/CompilerSwcContext;Lflex2/compiler/SymbolTable;Lflex2/compiler/common/Configuration;[Lflex2/compiler/Compiler;Lflex2/compiler/PreLink;Ljava/util/Map;Ljava/util/List;)Ljava/util/List;+185
j  flex2.compiler.API.compile(Lflex2/compiler/FileSpec;Lflex2/compiler/SourceList;Ljava/util/Collection;Lflex2/compiler/SourcePath;Lflex2/compiler/ResourceContainer;Lflex2/compiler/ResourceBundlePath;Lflex2/compiler/CompilerSwcContext;Lflex2/compiler/common/Configuration;[Lflex2/compiler/Compiler;Lflex2/compiler/PreLink;Ljava/util/Map;Ljava/util/List;)Ljava/util/List;+25
j  flex2.tools.Compc.compc([Ljava/lang/String;)V+923
j  flex2.tools.Compc.main([Ljava/lang/String;)V+1
v  ~StubRoutines::call_stub
V  [jvm.dll+0xf0ab9]
V  [jvm.dll+0x1837d1]
V  [jvm.dll+0xf0b3d]
V  [jvm.dll+0xfa0d6]
V  [jvm.dll+0x101cde]
C  [java.exe+0x2155]
C  [java.exe+0x85b4]
C  [kernel32.dll+0x1fe37]

Java frames: (J=compiled Java code, j=interpreted, Vv=VM code)
j  java.lang.Class.forName0(Ljava/lang/String;ZLjava/lang/ClassLoader;)Ljava/lang/Class;+0
j  java.lang.Class.forName(Ljava/lang/String;)Ljava/lang/Class;+5
j  java.net.URL.getURLStreamHandler(Ljava/lang/String;)Ljava/net/URLStreamHandler;+175
J  java.net.URL.<init>(Ljava/net/URL;Ljava/lang/String;Ljava/net/URLStreamHandler;)V
j  java.net.URL.<init>(Ljava/net/URL;Ljava/lang/String;)V+4
j  java.net.URL.<init>(Ljava/lang/String;)V+3
j  flex2.compiler.util.URLPathResolver.resolve(Ljava/lang/String;)Lflex2/compiler/io/VirtualFile;+7
j  flex2.compiler.common.PathResolver.checkSinglePathResolvers(Lflex2/compiler/io/VirtualFile;Ljava/lang/String;)Lflex2/compiler/io/VirtualFile;+40
j  flex2.compiler.common.PathResolver.resolve(Lflex2/compiler/common/SinglePathResolver;Ljava/lang/String;)Lflex2/compiler/io/VirtualFile;+27
j  flex2.compiler.common.PathResolver.resolve(Ljava/lang/String;)Lflex2/compiler/io/VirtualFile;+6
j  flex2.compiler.common.PathResolver.checkSinglePathResolvers(Lflex2/compiler/io/VirtualFile;Ljava/lang/String;)Lflex2/compiler/io/VirtualFile;+40
j  flex2.compiler.common.PathResolver.resolve(Lflex2/compiler/common/SinglePathResolver;Ljava/lang/String;)Lflex2/compiler/io/VirtualFile;+27
j  flex2.compiler.common.PathResolver.resolve(Ljava/lang/String;)Lflex2/compiler/io/VirtualFile;+6
j  flex2.compiler.Source$Resolver.resolve(Ljava/lang/String;)Lflex2/compiler/io/VirtualFile;+12
j  flex2.compiler.common.PathResolver.checkSinglePathResolvers(Lflex2/compiler/io/VirtualFile;Ljava/lang/String;)Lflex2/compiler/io/VirtualFile;+40
j  flex2.compiler.common.PathResolver.resolve(Lflex2/compiler/common/SinglePathResolver;Ljava/lang/String;)Lflex2/compiler/io/VirtualFile;+27
j  flex2.compiler.common.PathResolver.resolve(Ljava/lang/String;)Lflex2/compiler/io/VirtualFile;+6
j  flex2.compiler.Source.resolve(Ljava/lang/String;)Lflex2/compiler/io/VirtualFile;+5
j  flex2.compiler.Source.addFileInclude(Ljava/lang/String;)Z+2
j  flex2.compiler.as3.SyntaxTreeEvaluator.evaluate(Lmacromedia/asc/util/Context;Lmacromedia/asc/parser/IncludeDirectiveNode;)Lmacromedia/asc/semantics/Value;+24
j  macromedia.asc.parser.IncludeDirectiveNode.evaluate(Lmacromedia/asc/util/Context;Lmacromedia/asc/parser/Evaluator;)Lmacromedia/asc/semantics/Value;+14
J  flash.swf.tools.as3.EvaluatorAdapter.evaluate(Lmacromedia/asc/util/Context;Lmacromedia/asc/parser/StatementListNode;)Lmacromedia/asc/semantics/Value;
J  flash.swf.tools.as3.EvaluatorAdapter.evaluate(Lmacromedia/asc/util/Context;Lmacromedia/asc/parser/ClassDefinitionNode;)Lmacromedia/asc/semantics/Value;
j  flex2.compiler.as3.SyntaxTreeEvaluator.evaluate(Lmacromedia/asc/util/Context;Lmacromedia/asc/parser/ClassDefinitionNode;)Lmacromedia/asc/semantics/Value;+90
J  macromedia.asc.parser.ClassDefinitionNode.evaluate(Lmacromedia/asc/util/Context;Lmacromedia/asc/parser/Evaluator;)Lmacromedia/asc/semantics/Value;
J  flash.swf.tools.as3.EvaluatorAdapter.evaluate(Lmacromedia/asc/util/Context;Lmacromedia/asc/parser/StatementListNode;)Lmacromedia/asc/semantics/Value;
J  flash.swf.tools.as3.EvaluatorAdapter.evaluate(Lmacromedia/asc/util/Context;Lmacromedia/asc/parser/ProgramNode;)Lmacromedia/asc/semantics/Value;
J  macromedia.asc.parser.ProgramNode.evaluate(Lmacromedia/asc/util/Context;Lmacromedia/asc/parser/Evaluator;)Lmacromedia/asc/semantics/Value;
J  flex2.compiler.as3.Compiler.parse1(Lflex2/compiler/Source;Lflex2/compiler/SymbolTable;)Lflex2/compiler/CompilationUnit;
j  flex2.compiler.mxml.InterfaceCompiler.compileInterface(Lflex2/compiler/io/VirtualFile;Lflex2/compiler/Source;Lflex2/compiler/mxml/rep/DocumentInfo;Lflex2/compiler/util/LineNumberMap;Lflex2/compiler/SymbolTable;)Lflex2/compiler/CompilationUnit;+51
j  flex2.compiler.mxml.InterfaceCompiler.parse2(Lflex2/compiler/CompilationUnit;Lflex2/compiler/SymbolTable;)V+175
j  flex2.compiler.mxml.Compiler.parse2(Lflex2/compiler/CompilationUnit;Lflex2/compiler/SymbolTable;)V+7
j  flex2.compiler.API.parse2(Lflex2/compiler/CompilationUnit;[Lflex2/compiler/Compiler;Lflex2/compiler/SymbolTable;)Z+44
j  flex2.compiler.API.parse2(Ljava/util/List;[Lflex2/compiler/Compiler;Lflex2/compiler/SymbolTable;II)Z+51
j  flex2.compiler.API.batch2(Ljava/util/List;Ljava/util/List;Lflex2/compiler/DependencyGraph;Lflex2/compiler/DependencyGraph;Lflex2/compiler/SymbolTable;[Lflex2/compiler/Compiler;Lflex2/compiler/SourceList;Lflex2/compiler/SourcePath;Lflex2/compiler/ResourceContainer;Lflex2/compiler/CompilerSwcContext;Lflex2/compiler/common/Configuration;)V+292
j  flex2.compiler.API.batch(Ljava/util/List;Ljava/util/List;Lflex2/compiler/DependencyGraph;Lflex2/compiler/DependencyGraph;Lflex2/compiler/SymbolTable;[Lflex2/compiler/Compiler;Lflex2/compiler/SourceList;Lflex2/compiler/SourcePath;Lflex2/compiler/ResourceContainer;Lflex2/compiler/CompilerSwcContext;Lflex2/compiler/common/Configuration;Z)V+64
j  flex2.compiler.API.compile(Lflex2/compiler/FileSpec;Lflex2/compiler/SourceList;Ljava/util/Collection;Lflex2/compiler/SourcePath;Lflex2/compiler/ResourceContainer;Lflex2/compiler/ResourceBundlePath;Lflex2/compiler/CompilerSwcContext;Lflex2/compiler/SymbolTable;Lflex2/compiler/common/Configuration;[Lflex2/compiler/Compiler;Lflex2/compiler/PreLink;Ljava/util/Map;Ljava/util/List;)Ljava/util/List;+185
j  flex2.compiler.API.compile(Lflex2/compiler/FileSpec;Lflex2/compiler/SourceList;Ljava/util/Collection;Lflex2/compiler/SourcePath;Lflex2/compiler/ResourceContainer;Lflex2/compiler/ResourceBundlePath;Lflex2/compiler/CompilerSwcContext;Lflex2/compiler/common/Configuration;[Lflex2/compiler/Compiler;Lflex2/compiler/PreLink;Ljava/util/Map;Ljava/util/List;)Ljava/util/List;+25
j  flex2.tools.Compc.compc([Ljava/lang/String;)V+923
j  flex2.tools.Compc.main([Ljava/lang/String;)V+1
v  ~StubRoutines::call_stub

---------------  P R O C E S S  ---------------

Java Threads: ( => current thread )
  0x03ff1c00 JavaThread "Image Fetcher 0" daemon [_thread_blocked, id=2024, stack(0x05790000,0x057e0000)]
  0x03ff0400 JavaThread "AWT-Windows" daemon [_thread_in_native, id=2584, stack(0x056c0000,0x05710000)]
  0x04640400 JavaThread "Java2D Disposer" daemon [_thread_blocked, id=1076, stack(0x055a0000,0x055f0000)]
  0x03fa8000 JavaThread "Low Memory Detector" daemon [_thread_blocked, id=1188, stack(0x043a0000,0x043f0000)]
  0x03fa1c00 JavaThread "CompilerThread0" daemon [_thread_blocked, id=3576, stack(0x04310000,0x04360000)]
  0x03fa0000 JavaThread "Attach Listener" daemon [_thread_blocked, id=1068, stack(0x04280000,0x042d0000)]
  0x03f9ec00 JavaThread "Signal Dispatcher" daemon [_thread_blocked, id=2388, stack(0x041f0000,0x04240000)]
  0x03f98000 JavaThread "Finalizer" daemon [_thread_blocked, id=2536, stack(0x04160000,0x041b0000)]
  0x03f96800 JavaThread "Reference Handler" daemon [_thread_blocked, id=1956, stack(0x040d0000,0x04120000)]
=>0x00386c00 JavaThread "main" [_thread_in_vm, id=2264, stack(0x01cd0000,0x01d20000)]

Other Threads:
  0x03f5a800 VMThread [stack: 0x04040000,0x04090000] [id=792]
  0x03fbac00 WatcherThread [stack: 0x04430000,0x04480000] [id=2112]

VM state:not at safepoint (normal execution)

VM Mutex/Monitor currently owned by a thread: None

Heap
 def new generation   total 32448K, used 15992K [0x23ce0000, 0x26010000, 0x29230000)
  eden space 28864K,  55% used [0x23ce0000, 0x24c7e000, 0x25910000)
  from space 3584K,   0% used [0x25910000, 0x25910000, 0x25c90000)
  to   space 3584K,   0% used [0x25c90000, 0x25c90000, 0x26010000)
 tenured generation   total 72008K, used 72007K [0x29230000, 0x2d882000, 0x33ce0000)
   the space 72008K,  99% used [0x29230000, 0x2d881ff8, 0x2d882000, 0x2d882000)
 compacting perm gen  total 12288K, used 10924K [0x33ce0000, 0x348e0000, 0x37ce0000)
   the space 12288K,  88% used [0x33ce0000, 0x3478b018, 0x3478b200, 0x348e0000)
    ro space 10240K,  51% used [0x37ce0000, 0x3820cf58, 0x3820d000, 0x386e0000)
    rw space 12288K,  54% used [0x386e0000, 0x38d78f50, 0x38d79000, 0x392e0000)

Dynamic libraries:
0x00400000 - 0x00424000 	C:\Program Files (x86)\Java\jre6\bin\java.exe
0x7d600000 - 0x7d6f0000 	C:\WINDOWS\system32\ntdll.dll
0x7d4c0000 - 0x7d5f0000 	C:\WINDOWS\syswow64\kernel32.dll
0x7d1e0000 - 0x7d27c000 	C:\WINDOWS\syswow64\ADVAPI32.dll
0x7da20000 - 0x7db00000 	C:\WINDOWS\syswow64\RPCRT4.dll
0x7d8d0000 - 0x7d920000 	C:\WINDOWS\syswow64\Secur32.dll
0x7c340000 - 0x7c396000 	C:\Program Files (x86)\Java\jre6\bin\msvcr71.dll
0x6d7f0000 - 0x6da96000 	C:\Program Files (x86)\Java\jre6\bin\client\jvm.dll
0x7d930000 - 0x7da00000 	C:\WINDOWS\syswow64\USER32.dll
0x7d800000 - 0x7d890000 	C:\WINDOWS\syswow64\GDI32.dll
0x76aa0000 - 0x76acd000 	C:\WINDOWS\system32\WINMM.dll
0x7dee0000 - 0x7df40000 	C:\WINDOWS\system32\IMM32.DLL
0x71bc0000 - 0x71bc8000 	C:\WINDOWS\system32\rdpsnd.dll
0x771f0000 - 0x77201000 	C:\WINDOWS\system32\WINSTA.dll
0x77ba0000 - 0x77bfa000 	C:\WINDOWS\syswow64\msvcrt.dll
0x71c40000 - 0x71c97000 	C:\WINDOWS\system32\NETAPI32.dll
0x76b70000 - 0x76b7b000 	C:\WINDOWS\system32\PSAPI.DLL
0x6d7a0000 - 0x6d7ac000 	C:\Program Files (x86)\Java\jre6\bin\verify.dll
0x6d320000 - 0x6d33f000 	C:\Program Files (x86)\Java\jre6\bin\java.dll
0x6d280000 - 0x6d288000 	C:\Program Files (x86)\Java\jre6\bin\hpi.dll
0x6d7e0000 - 0x6d7ef000 	C:\Program Files (x86)\Java\jre6\bin\zip.dll
0x6d000000 - 0x6d14a000 	C:\Program Files (x86)\Java\jre6\bin\awt.dll
0x73070000 - 0x73097000 	C:\WINDOWS\system32\WINSPOOL.DRV
0x77670000 - 0x777a9000 	C:\WINDOWS\syswow64\ole32.dll
0x7dbd0000 - 0x7dcd3000 	C:\WINDOWS\WinSxS\WOW64_Microsoft.Windows.Common-Controls_6595b64144ccf1df_6.0.3790.4770_x-ww_8D2E3180\COMCTL32.dll
0x7d180000 - 0x7d1d2000 	C:\WINDOWS\syswow64\SHLWAPI.dll
0x4b3c0000 - 0x4b410000 	C:\WINDOWS\SysWOW64\MSCTF.dll
0x75e60000 - 0x75e87000 	C:\WINDOWS\system32\apphelp.dll
0x4dc30000 - 0x4dc5e000 	C:\WINDOWS\system32\msctfime.ime

VM Arguments:
java_command: C:\build\Tools\sdks\3.6.0.A\lib\compc.jar -output=C:/Temp/Common.swc -target-player=10.0.0 -source-path=B:/Gaviota/client/Common/src -include-sources=B:/Gaviota/client/Common/src -library-path+=B:/Gaviota/client/Common/libs -library-path+=C:/build/Tools/sdks/3.6.0.A/frameworks/libs -incremental=true -verbose-stacktraces=true -debug=false
Launcher Type: SUN_STANDARD

Environment Variables:
PATH=C:\Program Files (x86)\ImageMagick-6.6.3-Q16;C:\Program Files\ImageMagick-6.6.2-Q16;C:\WINDOWS\system32;C:\WINDOWS;C:\WINDOWS\System32\Wbem;C:\WINDOWS\system32\WindowsPowerShell\v1.0;C:\Program Files\SlikSvn\bin\;C:\build\Tools\Ant\bin;C:\build\Tools\PsTools;C:\Program Files (x86)\IDM Computer Solutions\UltraEdit-32;C:\Program Files (x86)\Microsoft SQL Server\100\Tools\Binn\;C:\Program Files\Microsoft SQL Server\100\Tools\Binn\;C:\Program Files\TortoiseSVN\bin;C:\Program Files (x86)\Sikuli X;C:\Program Files (x86)\Sikuli X\libs;C:\Program Files (x86)\Java\jre6\bin;D:\Program Files\MySQL\MySQL Server 5.5\bin;C:\Program Files (x86)\Microsoft ASP.NET\ASP.NET Web Pages\v1.0\;C:\Program Files (x86)\Sikuli X
USERNAME=Administrator
OS=Windows_NT
PROCESSOR_IDENTIFIER=EM64T Family 6 Model 23 Stepping 10, GenuineIntel



---------------  S Y S T E M  ---------------

OS: Windows Server 2003 family Build 3790 Service Pack 2

CPU:total 4 (1 cores per cpu, 1 threads per core) family 6 model 23 stepping 10, cmov, cx8, fxsr, mmx, sse, sse2, sse3, ssse3, sse4.1

Memory: 4k page, physical 3145052k(279168k free), swap 5047716k(5256k free)

vm_info: Java HotSpot(TM) Client VM (19.1-b02) for windows-x86 JRE (1.6.0_24-b07), built on Feb  2 2011 17:44:41 by "java_re" with MS VC++ 7.1 (VS2003)

time: Thu Feb 02 14:36:54 2012
elapsed time: 17 seconds

